Start testing: Nov 29 12:55 Pacific Standard Time
----------------------------------------------------------
1/1 Testing: DeckwareTests
1/1 Test: DeckwareTests
Command: "C:/Users/godfr/Desktop/CS_179M_Repo/build/test/Debug/DeckwareTests.exe"
Directory: C:/Users/godfr/Desktop/CS_179M_Repo/build/test
"DeckwareTests" start time: Nov 29 12:55 Pacific Standard Time
Output:
----------------------------------------------------------
Running main() from C:\Users\godfr\Desktop\CS_179M_Repo\googletest\googletest\src\gtest_main.cc
[==========] Running 1 test from 1 test suite.
[----------] Global test environment set-up.
[----------] 1 test from ContainerSlot
[ RUN      ] ContainerSlot.Base
[       OK ] ContainerSlot.Base (0 ms)
[----------] 1 test from ContainerSlot (0 ms total)

[----------] Global test environment tear-down
[==========] 1 test from 1 test suite ran. (0 ms total)
[  PASSED  ] 1 test.
<end of output>
Test time =   0.06 sec
----------------------------------------------------------
Test Passed.
"DeckwareTests" end time: Nov 29 12:55 Pacific Standard Time
"DeckwareTests" time elapsed: 00:00:00
----------------------------------------------------------

End testing: Nov 29 12:55 Pacific Standard Time
